mm_train started on matt at Sun Feb 2 23:12:31 CST 2014
mm_train version 2.22 running on matt under Linux 3.2.0-57-generic.
mm_train: using libraries mm 3.01b, md 2.02a, mx 1.30.
mm_train: calculating total emission probabilities.
mm_train: using Baum-Welch training.
mm_train: no alignment will be used.
mm_train: WARNING: beam for mixture pruning not specified - using default 14!
mm_train: beam width is 200!
mm_train: floor probability is 1e-05 (11.5)!
mm_train: probabilities less than 0.001 will be ignored during training!
mm_train: code library with 1 codebooks using 10 features read.
mm_train: performing codebook update.
mm_train: 695 states read.
mm_train: 76 models read.
mm_train: 2306 compound concepts read.
mm_train: WARNING: no forward path found - discarding segment.
mm_train: WARNING: no forward path found - discarding segment.
mm_train: WARNING: no forward path found - discarding segment.
mm_train: WARNING: no forward path found - discarding segment.
mm_train: WARNING: no forward path found - discarding segment.
mm_train: WARNING: no forward path found - discarding segment.
mm_train: WARNING: no forward path found - discarding segment.
mm_train: WARNING: no forward path found - discarding segment.
mm_train: WARNING: no forward path found - discarding segment.
mm_train: WARNING: no forward path found - discarding segment.
mm_train: WARNING: no forward path found - discarding segment.
mm_train: WARNING: no forward path found - discarding segment.
mm_train: WARNING: no forward path found - discarding segment.
mm_train: WARNING: no forward path found - discarding segment.
mm_train: WARNING: no forward path found - discarding segment.
mm_train: WARNING: no forward path found - discarding segment.
mm_train: WARNING: no forward path found - discarding segment.
mm_train: WARNING: no forward path found - discarding segment.
mm_train: WARNING: no forward path found - discarding segment.
mm_train: WARNING: no forward path found - discarding segment.
mm_train: WARNING: no forward path found - discarding segment.
mm_train: WARNING: no forward path found - discarding segment.
mm_train: WARNING: no forward path found - discarding segment.
mm_train: WARNING: no forward path found - discarding segment.
mm_train: WARNING: no forward path found - discarding segment.
mm_train: WARNING: no forward path found - discarding segment.
mm_train: WARNING: no forward path found - discarding segment.
mm_train: WARNING: no forward path found - discarding segment.
mm_train: WARNING: no forward path found - discarding segment.
mm_train: WARNING: no forward path found - discarding segment.
mm_train: WARNING: no forward path found - discarding segment.
mm_train: WARNING: no forward path found - discarding segment.
mm_train: WARNING: no forward path found - discarding segment.
mm_train: WARNING: no forward path found - discarding segment.
mm_train: WARNING: no forward path found - discarding segment.
mm_train: WARNING: no forward path found - discarding segment.
mm_train: WARNING: no forward path found - discarding segment.
mm_train: WARNING: no forward path found - discarding segment.
mm_train: WARNING: no forward path found - discarding segment.
mm_train: WARNING: no forward path found - discarding segment.
mm_train: WARNING: no forward path found - discarding segment.
mm_train: WARNING: no forward path found - discarding segment.
mm_train: WARNING: no forward path found - discarding segment.
mm_train: WARNING: no forward path found - discarding segment.
mm_train: WARNING: no forward path found - discarding segment.
mm_train: WARNING: no forward path found - discarding segment.
mm_train: WARNING: no forward path found - discarding segment.
mm_train: WARNING: no forward path found - discarding segment.
mm_train: WARNING: no forward path found - discarding segment.
mm_train: WARNING: no forward path found - discarding segment.
mm_train: WARNING: no forward path found - discarding segment.
mm_train: WARNING: no forward path found - discarding segment.
mm_train: WARNING: no forward path found - discarding segment.
mm_train: WARNING: no forward path found - discarding segment.
mm_train: no HMM statistics available.
mm_train: 3277380 densities evaluated ( 0.3%), on average 3.27674 per frame.
mm_train: average P(O|lambda) is 4.56839.
mm_train: 6206 files processed, 0 rejected (0%).
mm_train: 96490 ms (95150 cpu ms) processing 976971 frames (RTF = 0.0099).
finished with status 0 at Sun Feb 2 23:14:09 CST 2014
