/home/matt/esmeralda/lab/klaus/md_ufv/Binaerbilder_August_Lewald-Vorlage_W24B0097-Schwellwert_20/ich_17_Bin.ufv
/home/matt/esmeralda/lab/klaus/md_ufv/Binaerbilder_August_Lewald-Vorlage_W24B0097-Schwellwert_20/ich_18_Bin.ufv
/home/matt/esmeralda/lab/klaus/md_ufv/Binaerbilder_August_Lewald-Vorlage_W24B0097-Schwellwert_20/ich_3_Bin.ufv
/home/matt/esmeralda/lab/klaus/md_ufv/Binaerbilder_August_Lewald-Vorlage_W24B0097-Schwellwert_20/ich_6_Bin.ufv
/home/matt/esmeralda/lab/klaus/md_ufv/Binaerbilder_August_Lewald-Vorlage_W24B0097-Schwellwert_20/ich_7_Bin.ufv
/home/matt/esmeralda/lab/klaus/md_ufv/Binaerbilder_August_Lewald-Vorlage_W24B0097-Schwellwert_20/ich_8_Bin.ufv
/home/matt/esmeralda/lab/klaus/md_ufv/Binaerbilder_August_Lewald-Vorlage_W24B0097-Schwellwert_20/ich_9_Bin.ufv
/home/matt/esmeralda/lab/klaus/md_ufv/Binaerbilder_Dierdier_Roth-Vorlage_W27B1319-Schwellwert_12/ich_2_Bin.ufv
/home/matt/esmeralda/lab/klaus/md_ufv/Binaerbilder_Dierdier_Roth-Vorlage_W27B1319-Schwellwert_12/ich_3_Bin.ufv
/home/matt/esmeralda/lab/klaus/md_ufv/Binaerbilder_Georg_Weerth-Vorlage_W27B1278-Schwellwert_15/ich_2_Bin.ufv
/home/matt/esmeralda/lab/klaus/md_ufv/Binaerbilder_Georg_Weerth-Vorlage_W27B1278-Schwellwert_15/ich_3_Bin.ufv
/home/matt/esmeralda/lab/klaus/md_ufv/Binaerbilder_Georg_Weerth-Vorlage_W27B1278-Schwellwert_15/ich_6_Bin.ufv
/home/matt/esmeralda/lab/klaus/md_ufv/Binaerbilder_Heine-Vorlage_W20B0007-Schwellwert_10/ich_2_Bin.ufv
/home/matt/esmeralda/lab/klaus/md_ufv/Binaerbilder_Heine-Vorlage_W20B0065-Schwellwert_15/ich_10_Bin.ufv
/home/matt/esmeralda/lab/klaus/md_ufv/Binaerbilder_Heine-Vorlage_W20B0065-Schwellwert_15/ich_11_Bin.ufv
/home/matt/esmeralda/lab/klaus/md_ufv/Binaerbilder_Heine-Vorlage_W20B0065-Schwellwert_15/ich_13_Bin.ufv
/home/matt/esmeralda/lab/klaus/md_ufv/Binaerbilder_Heine-Vorlage_W20B0065-Schwellwert_15/ich_1_Bin.ufv
/home/matt/esmeralda/lab/klaus/md_ufv/Binaerbilder_Heine-Vorlage_W20B0065-Schwellwert_15/ich_2_Bin.ufv
/home/matt/esmeralda/lab/klaus/md_ufv/Binaerbilder_Heine-Vorlage_W20B0065-Schwellwert_15/ich_3_Bin.ufv
/home/matt/esmeralda/lab/klaus/md_ufv/Binaerbilder_Heine-Vorlage_W20B0065-Schwellwert_15/ich_5_Bin.ufv
/home/matt/esmeralda/lab/klaus/md_ufv/Binaerbilder_Heine-Vorlage_W20B0065-Schwellwert_15/ich_7_Bin.ufv
/home/matt/esmeralda/lab/klaus/md_ufv/Binaerbilder_Heine-Vorlage_W20B0170-Schwellwert_19/ich_10_Bin.ufv
/home/matt/esmeralda/lab/klaus/md_ufv/Binaerbilder_Heine-Vorlage_W20B0170-Schwellwert_19/ich_11_Bin.ufv
/home/matt/esmeralda/lab/klaus/md_ufv/Binaerbilder_Heine-Vorlage_W20B0170-Schwellwert_19/ich_12_Bin.ufv
/home/matt/esmeralda/lab/klaus/md_ufv/Binaerbilder_Heine-Vorlage_W20B0170-Schwellwert_19/ich_13_Bin.ufv
/home/matt/esmeralda/lab/klaus/md_ufv/Binaerbilder_Heine-Vorlage_W20B0170-Schwellwert_19/ich_14_Bin.ufv
/home/matt/esmeralda/lab/klaus/md_ufv/Binaerbilder_Heine-Vorlage_W20B0170-Schwellwert_19/ich_15_Bin.ufv
/home/matt/esmeralda/lab/klaus/md_ufv/Binaerbilder_Heine-Vorlage_W20B0170-Schwellwert_19/ich_16_Bin.ufv
/home/matt/esmeralda/lab/klaus/md_ufv/Binaerbilder_Heine-Vorlage_W20B0170-Schwellwert_19/ich_17_Bin.ufv
/home/matt/esmeralda/lab/klaus/md_ufv/Binaerbilder_Heine-Vorlage_W20B0170-Schwellwert_19/ich_18_Bin.ufv
/home/matt/esmeralda/lab/klaus/md_ufv/Binaerbilder_Heine-Vorlage_W20B0170-Schwellwert_19/ich_19_Bin.ufv
/home/matt/esmeralda/lab/klaus/md_ufv/Binaerbilder_Heine-Vorlage_W20B0170-Schwellwert_19/ich_1_Bin.ufv
/home/matt/esmeralda/lab/klaus/md_ufv/Binaerbilder_Heine-Vorlage_W20B0170-Schwellwert_19/ich_20_Bin.ufv
/home/matt/esmeralda/lab/klaus/md_ufv/Binaerbilder_Heine-Vorlage_W20B0170-Schwellwert_19/ich_21_Bin.ufv
/home/matt/esmeralda/lab/klaus/md_ufv/Binaerbilder_Heine-Vorlage_W20B0170-Schwellwert_19/ich_22_Bin.ufv
/home/matt/esmeralda/lab/klaus/md_ufv/Binaerbilder_Heine-Vorlage_W20B0170-Schwellwert_19/ich_23_Bin.ufv
/home/matt/esmeralda/lab/klaus/md_ufv/Binaerbilder_Heine-Vorlage_W20B0170-Schwellwert_19/ich_26_Bin.ufv
/home/matt/esmeralda/lab/klaus/md_ufv/Binaerbilder_Heine-Vorlage_W20B0170-Schwellwert_19/ich_28_Bin.ufv
/home/matt/esmeralda/lab/klaus/md_ufv/Binaerbilder_Heine-Vorlage_W20B0170-Schwellwert_19/ich_29_Bin.ufv
/home/matt/esmeralda/lab/klaus/md_ufv/Binaerbilder_Heine-Vorlage_W20B0170-Schwellwert_19/ich_2_Bin.ufv
/home/matt/esmeralda/lab/klaus/md_ufv/Binaerbilder_Heine-Vorlage_W20B0170-Schwellwert_19/ich_30_Bin.ufv
/home/matt/esmeralda/lab/klaus/md_ufv/Binaerbilder_Heine-Vorlage_W20B0170-Schwellwert_19/ich_31_Bin.ufv
/home/matt/esmeralda/lab/klaus/md_ufv/Binaerbilder_Heine-Vorlage_W20B0170-Schwellwert_19/ich_32_Bin.ufv
/home/matt/esmeralda/lab/klaus/md_ufv/Binaerbilder_Heine-Vorlage_W20B0170-Schwellwert_19/ich_3_Bin.ufv
/home/matt/esmeralda/lab/klaus/md_ufv/Binaerbilder_Heine-Vorlage_W20B0170-Schwellwert_19/ich_4_Bin.ufv
/home/matt/esmeralda/lab/klaus/md_ufv/Binaerbilder_Heine-Vorlage_W20B0170-Schwellwert_19/ich_6_Bin.ufv
/home/matt/esmeralda/lab/klaus/md_ufv/Binaerbilder_Heine-Vorlage_W20B0170-Schwellwert_19/ich_7_Bin.ufv
/home/matt/esmeralda/lab/klaus/md_ufv/Binaerbilder_Heine-Vorlage_W20B0170-Schwellwert_19/ich_8_Bin.ufv
/home/matt/esmeralda/lab/klaus/md_ufv/Binaerbilder_Heine-Vorlage_W20B0210-Schwellwert_10/ich_2_Bin.ufv
/home/matt/esmeralda/lab/klaus/md_ufv/Binaerbilder_Heine-Vorlage_W20B0210-Schwellwert_10/ich_3_Bin.ufv
/home/matt/esmeralda/lab/klaus/md_ufv/Binaerbilder_Heine-Vorlage_W20B0210-Schwellwert_10/ich_4_Bin.ufv
/home/matt/esmeralda/lab/klaus/md_ufv/Binaerbilder_Heine-Vorlage_W20B0210-Schwellwert_10/ich_5_Bin.ufv
/home/matt/esmeralda/lab/klaus/md_ufv/Binaerbilder_Heine-Vorlage_W20B0210-Schwellwert_10/ich_6_Bin.ufv
/home/matt/esmeralda/lab/klaus/md_ufv/Binaerbilder_Heine-Vorlage_W21B0777-Schwellwert_15/ich_1_Bin.ufv
/home/matt/esmeralda/lab/klaus/md_ufv/Binaerbilder_Heinrich_Heine-Vorlage_W20B0326-Schwellwert_10/ich_10_Bin.ufv
/home/matt/esmeralda/lab/klaus/md_ufv/Binaerbilder_Heinrich_Heine-Vorlage_W20B0326-Schwellwert_10/ich_11_Bin.ufv
/home/matt/esmeralda/lab/klaus/md_ufv/Binaerbilder_Heinrich_Heine-Vorlage_W20B0326-Schwellwert_10/ich_13_Bin.ufv
/home/matt/esmeralda/lab/klaus/md_ufv/Binaerbilder_Heinrich_Heine-Vorlage_W20B0326-Schwellwert_10/ich_14_Bin.ufv
/home/matt/esmeralda/lab/klaus/md_ufv/Binaerbilder_Heinrich_Heine-Vorlage_W20B0326-Schwellwert_10/ich_15_Bin.ufv
/home/matt/esmeralda/lab/klaus/md_ufv/Binaerbilder_Heinrich_Heine-Vorlage_W20B0326-Schwellwert_10/ich_16_Bin.ufv
/home/matt/esmeralda/lab/klaus/md_ufv/Binaerbilder_Heinrich_Heine-Vorlage_W20B0326-Schwellwert_10/ich_17_Bin.ufv
/home/matt/esmeralda/lab/klaus/md_ufv/Binaerbilder_Heinrich_Heine-Vorlage_W20B0326-Schwellwert_10/ich_18_Bin.ufv
/home/matt/esmeralda/lab/klaus/md_ufv/Binaerbilder_Heinrich_Heine-Vorlage_W20B0326-Schwellwert_10/ich_1_Bin.ufv
/home/matt/esmeralda/lab/klaus/md_ufv/Binaerbilder_Heinrich_Heine-Vorlage_W20B0326-Schwellwert_10/ich_21_Bin.ufv
/home/matt/esmeralda/lab/klaus/md_ufv/Binaerbilder_Heinrich_Heine-Vorlage_W20B0326-Schwellwert_10/ich_22_Bin.ufv
/home/matt/esmeralda/lab/klaus/md_ufv/Binaerbilder_Heinrich_Heine-Vorlage_W20B0326-Schwellwert_10/ich_23_Bin.ufv
/home/matt/esmeralda/lab/klaus/md_ufv/Binaerbilder_Heinrich_Heine-Vorlage_W20B0326-Schwellwert_10/ich_24_Bin.ufv
/home/matt/esmeralda/lab/klaus/md_ufv/Binaerbilder_Heinrich_Heine-Vorlage_W20B0326-Schwellwert_10/ich_25_Bin.ufv
/home/matt/esmeralda/lab/klaus/md_ufv/Binaerbilder_Heinrich_Heine-Vorlage_W20B0326-Schwellwert_10/ich_27_Bin.ufv
/home/matt/esmeralda/lab/klaus/md_ufv/Binaerbilder_Heinrich_Heine-Vorlage_W20B0326-Schwellwert_10/ich_29_Bin.ufv
/home/matt/esmeralda/lab/klaus/md_ufv/Binaerbilder_Heinrich_Heine-Vorlage_W20B0326-Schwellwert_10/ich_2_Bin.ufv
/home/matt/esmeralda/lab/klaus/md_ufv/Binaerbilder_Heinrich_Heine-Vorlage_W20B0326-Schwellwert_10/ich_30_Bin.ufv
/home/matt/esmeralda/lab/klaus/md_ufv/Binaerbilder_Heinrich_Heine-Vorlage_W20B0326-Schwellwert_10/ich_3_Bin.ufv
/home/matt/esmeralda/lab/klaus/md_ufv/Binaerbilder_Heinrich_Heine-Vorlage_W20B0326-Schwellwert_10/ich_5_Bin.ufv
/home/matt/esmeralda/lab/klaus/md_ufv/Binaerbilder_Heinrich_Heine-Vorlage_W20B0326-Schwellwert_10/ich_6_Bin.ufv
/home/matt/esmeralda/lab/klaus/md_ufv/Binaerbilder_Heinrich_Heine-Vorlage_W20B0326-Schwellwert_10/ich_7_Bin.ufv
/home/matt/esmeralda/lab/klaus/md_ufv/Binaerbilder_Heinrich_Heine-Vorlage_W20B0326-Schwellwert_10/ich_9_Bin.ufv
/home/matt/esmeralda/lab/klaus/md_ufv/Binaerbilder_Henry_Luring-Vorlage_W24B0048-Schwellwert_14/ich_1_Bin.ufv
/home/matt/esmeralda/lab/klaus/md_ufv/Binaerbilder_Henry_Luring-Vorlage_W24B0048-Schwellwert_14/ich_2_Bin.ufv
/home/matt/esmeralda/lab/klaus/md_ufv/Binaerbilder_Henry_Luring-Vorlage_W24B0048-Schwellwert_14/ich_3_Bin.ufv
/home/matt/esmeralda/lab/klaus/md_ufv/Binaerbilder_Henry_Luring-Vorlage_W24B0048-Schwellwert_14/ich_4_Bin.ufv
/home/matt/esmeralda/lab/klaus/md_ufv/Binaerbilder_Henry_Luring-Vorlage_W24B0048-Schwellwert_14/ich_5_Bin.ufv
/home/matt/esmeralda/lab/klaus/md_ufv/Binaerbilder_Henry_Luring-Vorlage_W24B0048-Schwellwert_14/ich_6_Bin.ufv
/home/matt/esmeralda/lab/klaus/md_ufv/Binaerbilder_Hermann_Franck-Vorlage_W24B0059-Schwellwert_10/ich_1_Bin.ufv
/home/matt/esmeralda/lab/klaus/md_ufv/Binaerbilder_Hermann_Franck-Vorlage_W24B0059-Schwellwert_10/ich_3_Bin.ufv
/home/matt/esmeralda/lab/klaus/md_ufv/Binaerbilder_Hermann_Franck-Vorlage_W24B0059-Schwellwert_10/ich_4_Bin.ufv
/home/matt/esmeralda/lab/klaus/md_ufv/Binaerbilder_Hermann_Franck-Vorlage_W24B0059-Schwellwert_10/ich_6_Bin.ufv
/home/matt/esmeralda/lab/klaus/md_ufv/Binaerbilder_Julius_Campe-Vorlage_W24B0013-Schwellwert_20/ich_10_Bin.ufv
/home/matt/esmeralda/lab/klaus/md_ufv/Binaerbilder_Julius_Campe-Vorlage_W24B0013-Schwellwert_20/ich_11_Bin.ufv
/home/matt/esmeralda/lab/klaus/md_ufv/Binaerbilder_Julius_Campe-Vorlage_W24B0013-Schwellwert_20/ich_12_Bin.ufv
/home/matt/esmeralda/lab/klaus/md_ufv/Binaerbilder_Julius_Campe-Vorlage_W24B0013-Schwellwert_20/ich_13_Bin.ufv
/home/matt/esmeralda/lab/klaus/md_ufv/Binaerbilder_Julius_Campe-Vorlage_W24B0013-Schwellwert_20/ich_14_Bin.ufv
/home/matt/esmeralda/lab/klaus/md_ufv/Binaerbilder_Julius_Campe-Vorlage_W24B0013-Schwellwert_20/ich_15_Bin.ufv
/home/matt/esmeralda/lab/klaus/md_ufv/Binaerbilder_Julius_Campe-Vorlage_W24B0013-Schwellwert_20/ich_16_Bin.ufv
/home/matt/esmeralda/lab/klaus/md_ufv/Binaerbilder_Julius_Campe-Vorlage_W24B0013-Schwellwert_20/ich_17_Bin.ufv
/home/matt/esmeralda/lab/klaus/md_ufv/Binaerbilder_Julius_Campe-Vorlage_W24B0013-Schwellwert_20/ich_18_Bin.ufv
/home/matt/esmeralda/lab/klaus/md_ufv/Binaerbilder_Julius_Campe-Vorlage_W24B0013-Schwellwert_20/ich_19_Bin.ufv
/home/matt/esmeralda/lab/klaus/md_ufv/Binaerbilder_Julius_Campe-Vorlage_W24B0013-Schwellwert_20/ich_1_Bin.ufv
/home/matt/esmeralda/lab/klaus/md_ufv/Binaerbilder_Julius_Campe-Vorlage_W24B0013-Schwellwert_20/ich_20_Bin.ufv
/home/matt/esmeralda/lab/klaus/md_ufv/Binaerbilder_Julius_Campe-Vorlage_W24B0013-Schwellwert_20/ich_22_Bin.ufv
/home/matt/esmeralda/lab/klaus/md_ufv/Binaerbilder_Julius_Campe-Vorlage_W24B0013-Schwellwert_20/ich_23_Bin.ufv
/home/matt/esmeralda/lab/klaus/md_ufv/Binaerbilder_Julius_Campe-Vorlage_W24B0013-Schwellwert_20/ich_25_Bin.ufv
/home/matt/esmeralda/lab/klaus/md_ufv/Binaerbilder_Julius_Campe-Vorlage_W24B0013-Schwellwert_20/ich_26_Bin.ufv
/home/matt/esmeralda/lab/klaus/md_ufv/Binaerbilder_Julius_Campe-Vorlage_W24B0013-Schwellwert_20/ich_27_Bin.ufv
/home/matt/esmeralda/lab/klaus/md_ufv/Binaerbilder_Julius_Campe-Vorlage_W24B0013-Schwellwert_20/ich_28_Bin.ufv
/home/matt/esmeralda/lab/klaus/md_ufv/Binaerbilder_Julius_Campe-Vorlage_W24B0013-Schwellwert_20/ich_29_Bin.ufv
/home/matt/esmeralda/lab/klaus/md_ufv/Binaerbilder_Julius_Campe-Vorlage_W24B0013-Schwellwert_20/ich_2_Bin.ufv
/home/matt/esmeralda/lab/klaus/md_ufv/Binaerbilder_Julius_Campe-Vorlage_W24B0013-Schwellwert_20/ich_30_Bin.ufv
/home/matt/esmeralda/lab/klaus/md_ufv/Binaerbilder_Julius_Campe-Vorlage_W24B0013-Schwellwert_20/ich_31_Bin.ufv
/home/matt/esmeralda/lab/klaus/md_ufv/Binaerbilder_Julius_Campe-Vorlage_W24B0013-Schwellwert_20/ich_32_Bin.ufv
/home/matt/esmeralda/lab/klaus/md_ufv/Binaerbilder_Julius_Campe-Vorlage_W24B0013-Schwellwert_20/ich_3_Bin.ufv
/home/matt/esmeralda/lab/klaus/md_ufv/Binaerbilder_Julius_Campe-Vorlage_W24B0013-Schwellwert_20/ich_4_Bin.ufv
/home/matt/esmeralda/lab/klaus/md_ufv/Binaerbilder_Julius_Campe-Vorlage_W24B0013-Schwellwert_20/ich_5_Bin.ufv
/home/matt/esmeralda/lab/klaus/md_ufv/Binaerbilder_Julius_Campe-Vorlage_W24B0013-Schwellwert_20/ich_6_Bin.ufv
/home/matt/esmeralda/lab/klaus/md_ufv/Binaerbilder_Julius_Campe-Vorlage_W24B0013-Schwellwert_20/ich_7_Bin.ufv
/home/matt/esmeralda/lab/klaus/md_ufv/Binaerbilder_Julius_Campe-Vorlage_W24B0013-Schwellwert_20/ich_8_Bin.ufv
/home/matt/esmeralda/lab/klaus/md_ufv/Binaerbilder_Julius_Campe-Vorlage_W24B0013-Schwellwert_20/ich_9_Bin.ufv
/home/matt/esmeralda/lab/klaus/md_ufv/Binaerbilder_Karl_Immermann-Vorlage_W24B0006-Schwellwert_30/ich_12_Bin.ufv
/home/matt/esmeralda/lab/klaus/md_ufv/Binaerbilder_Karl_Immermann-Vorlage_W24B0006-Schwellwert_30/ich_13_Bin.ufv
/home/matt/esmeralda/lab/klaus/md_ufv/Binaerbilder_Karl_Immermann-Vorlage_W24B0006-Schwellwert_30/ich_14_Bin.ufv
/home/matt/esmeralda/lab/klaus/md_ufv/Binaerbilder_Karl_Immermann-Vorlage_W24B0006-Schwellwert_30/ich_1_Bin.ufv
/home/matt/esmeralda/lab/klaus/md_ufv/Binaerbilder_Karl_Immermann-Vorlage_W24B0006-Schwellwert_30/ich_2_Bin.ufv
/home/matt/esmeralda/lab/klaus/md_ufv/Binaerbilder_Karl_Immermann-Vorlage_W24B0006-Schwellwert_30/ich_3_Bin.ufv
/home/matt/esmeralda/lab/klaus/md_ufv/Binaerbilder_Karl_Immermann-Vorlage_W24B0006-Schwellwert_30/ich_4_Bin.ufv
/home/matt/esmeralda/lab/klaus/md_ufv/Binaerbilder_Karl_Immermann-Vorlage_W24B0006-Schwellwert_30/ich_5_Bin.ufv
/home/matt/esmeralda/lab/klaus/md_ufv/Binaerbilder_Karl_Immermann-Vorlage_W24B0006-Schwellwert_30/ich_9_Bin.ufv
/home/matt/esmeralda/lab/klaus/md_ufv/Binaerbilder_Michael_Beer-Vorlage_W24B0056-Schwellwert_15/ich_2_Bin.ufv
/home/matt/esmeralda/lab/klaus/md_ufv/Binaerbilder_Michael_Beer-Vorlage_W24B0056-Schwellwert_15/ich_3_Bin.ufv
/home/matt/esmeralda/lab/klaus/md_ufv/Binaerbilder_Michael_Beer-Vorlage_W24B0056-Schwellwert_15/ich_4_Bin.ufv
/home/matt/esmeralda/lab/klaus/md_ufv/Binaerbilder_Michael_Beer-Vorlage_W24B0056-Schwellwert_15/ich_5_Bin.ufv
/home/matt/esmeralda/lab/klaus/md_ufv/Binaerbilder_Michael_Beer-Vorlage_W24B0056-Schwellwert_15/ich_6_Bin.ufv
/home/matt/esmeralda/lab/klaus/md_ufv/Binaerbilder_Michael_Beer-Vorlage_W24B0056-Schwellwert_15/ich_7_Bin.ufv
/home/matt/esmeralda/lab/klaus/md_ufv/Binaerbilder_Michael_Beer-Vorlage_W24B0056-Schwellwert_15/ich_8_Bin.ufv
/home/matt/esmeralda/lab/klaus/md_ufv/Binaerbilder_Michael_Beer-Vorlage_W24B0056-Schwellwert_15/ich_9_Bin.ufv
/home/matt/esmeralda/lab/klaus/md_ufv/Binaerbilder_Moses_Moser-Vorlage_W24B0150-Schwellwert_15/ich_1_Bin.ufv
/home/matt/esmeralda/lab/klaus/md_ufv/Binaerbilder_Moses_Moser-Vorlage_W24B0150-Schwellwert_15/ich_2_Bin.ufv
/home/matt/esmeralda/lab/klaus/md_ufv/Binaerbilder_Moses_Moser-Vorlage_W24B0150-Schwellwert_15/ich_3_Bin.ufv
/home/matt/esmeralda/lab/klaus/md_ufv/Binaerbilder_Moses_Moser-Vorlage_W24B0150-Schwellwert_15/ich_4_Bin.ufv
/home/matt/esmeralda/lab/klaus/md_ufv/Binaerbilder_Moses_Moser-Vorlage_W24B0150-Schwellwert_15/ich_5_Bin.ufv
/home/matt/esmeralda/lab/klaus/md_ufv/Binaerbilder_Moses_Moser-Vorlage_W24B0150-Schwellwert_15/ich_6_Bin.ufv
/home/matt/esmeralda/lab/klaus/md_ufv/Binaerbilder_Moses_Moser-Vorlage_W24B0150-Schwellwert_15/ich_7_Bin.ufv
/home/matt/esmeralda/lab/klaus/md_ufv/Binaerbilder_Moses_Moser-Vorlage_W24B0150-Schwellwert_15/ich_8_Bin.ufv
/home/matt/esmeralda/lab/klaus/md_ufv/Binaerbilder_Salomon_Heine-Vorlage_W24B0015-Schwellwert_12/ich_2_Bin.ufv
/home/matt/esmeralda/lab/klaus/md_ufv/Binaerbilder_Salomon_Heine-Vorlage_W24B0015-Schwellwert_12/ich_3_Bin.ufv
/home/matt/esmeralda/lab/klaus/md_ufv/Binaerbilder_Theodor_von_Kobbe-Vorlage_W24B0047-Schwellwert_20/ich_1_Bin.ufv
/home/matt/esmeralda/lab/klaus/md_ufv/Binaerbilder_Theodor_von_Kobbe-Vorlage_W24B0047-Schwellwert_20/ich_2_Bin.ufv
/home/matt/esmeralda/lab/klaus/md_ufv/Binaerbilder_Theodor_von_Kobbe-Vorlage_W24B0047-Schwellwert_20/ich_3_Bin.ufv
/home/matt/esmeralda/lab/klaus/md_ufv/Binaerbilder_Theodor_von_Kobbe-Vorlage_W24B0047-Schwellwert_20/ich_4_Bin.ufv
/home/matt/esmeralda/lab/klaus/md_ufv/Binaerbilder_Theodor_von_Kobbe-Vorlage_W24B0047-Schwellwert_20/ich_5_Bin.ufv
/home/matt/esmeralda/lab/klaus/md_ufv/Binaerbilder_Theodor_von_Kobbe-Vorlage_W24B0047-Schwellwert_20/ich_6_Bin.ufv
/home/matt/esmeralda/lab/klaus/md_ufv/Binaerbilder_Theodor_von_Kobbe-Vorlage_W24B0047-Schwellwert_20/ich_7_Bin.ufv
/home/matt/esmeralda/lab/klaus/md_ufv/Binaerbilder_Theodor_von_Kobbe-Vorlage_W24B0047-Schwellwert_20/ich_u8_Bin.ufv
