/home/matt/esmeralda/lab/klaus/md_ufv/Binaerbilder_Adolph_Benedict-Vorlage_W24B0052-Schwellwert_10/in_1_Bin.ufv
/home/matt/esmeralda/lab/klaus/md_ufv/Binaerbilder_August_Lewald-Vorlage_W24B0097-Schwellwert_20/in_1_Bin.ufv
/home/matt/esmeralda/lab/klaus/md_ufv/Binaerbilder_August_Lewald-Vorlage_W24B0097-Schwellwert_20/in_2_Bin.ufv
/home/matt/esmeralda/lab/klaus/md_ufv/Binaerbilder_August_Lewald-Vorlage_W24B0097-Schwellwert_20/in_3_Bin.ufv
/home/matt/esmeralda/lab/klaus/md_ufv/Binaerbilder_August_Lewald-Vorlage_W24B0097-Schwellwert_20/in_4_Bin.ufv
/home/matt/esmeralda/lab/klaus/md_ufv/Binaerbilder_August_Lewald-Vorlage_W24B0097-Schwellwert_20/in_5_Bin.ufv
/home/matt/esmeralda/lab/klaus/md_ufv/Binaerbilder_b_10_0242609_150ppi.tif-Schwellwert_20/in_1_Bin.ufv
/home/matt/esmeralda/lab/klaus/md_ufv/Binaerbilder_Georg_Weerth-Vorlage_W27B1278-Schwellwert_15/in_1_Bin.ufv
/home/matt/esmeralda/lab/klaus/md_ufv/Binaerbilder_Georg_Weerth-Vorlage_W27B1278-Schwellwert_15/in_2_Bin.ufv
/home/matt/esmeralda/lab/klaus/md_ufv/Binaerbilder_Georg_Weerth-Vorlage_W27B1278-Schwellwert_15/in_3_Bin.ufv
/home/matt/esmeralda/lab/klaus/md_ufv/Binaerbilder_Heine-Vorlage_W20B0007-Schwellwert_10/in_1_Bin.ufv
/home/matt/esmeralda/lab/klaus/md_ufv/Binaerbilder_Heine-Vorlage_W20B0065-Schwellwert_15/in_1_Bin.ufv
/home/matt/esmeralda/lab/klaus/md_ufv/Binaerbilder_Heine-Vorlage_W20B0065-Schwellwert_15/in_2_Bin.ufv
/home/matt/esmeralda/lab/klaus/md_ufv/Binaerbilder_Heine-Vorlage_W20B0170-Schwellwert_19/in_10_Bin.ufv
/home/matt/esmeralda/lab/klaus/md_ufv/Binaerbilder_Heine-Vorlage_W20B0170-Schwellwert_19/in_1_Bin.ufv
/home/matt/esmeralda/lab/klaus/md_ufv/Binaerbilder_Heine-Vorlage_W20B0170-Schwellwert_19/in_3_Bin.ufv
/home/matt/esmeralda/lab/klaus/md_ufv/Binaerbilder_Heine-Vorlage_W20B0170-Schwellwert_19/in_4_Bin.ufv
/home/matt/esmeralda/lab/klaus/md_ufv/Binaerbilder_Heine-Vorlage_W20B0170-Schwellwert_19/in_5_Bin.ufv
/home/matt/esmeralda/lab/klaus/md_ufv/Binaerbilder_Heine-Vorlage_W20B0170-Schwellwert_19/in_6_Bin.ufv
/home/matt/esmeralda/lab/klaus/md_ufv/Binaerbilder_Heine-Vorlage_W20B0170-Schwellwert_19/in_7_Bin.ufv
/home/matt/esmeralda/lab/klaus/md_ufv/Binaerbilder_Heine-Vorlage_W20B0170-Schwellwert_19/in_8_Bin.ufv
/home/matt/esmeralda/lab/klaus/md_ufv/Binaerbilder_Heine-Vorlage_W20B0170-Schwellwert_19/in_9_Bin.ufv
/home/matt/esmeralda/lab/klaus/md_ufv/Binaerbilder_Heinrich_Heine-Vorlage_W20B0326-Schwellwert_10/in_1_Bin.ufv
/home/matt/esmeralda/lab/klaus/md_ufv/Binaerbilder_Heinrich_Heine-Vorlage_W20B0326-Schwellwert_10/in_2_Bin.ufv
/home/matt/esmeralda/lab/klaus/md_ufv/Binaerbilder_Heinrich_Heine-Vorlage_W20B0326-Schwellwert_10/in_3_Bin.ufv
/home/matt/esmeralda/lab/klaus/md_ufv/Binaerbilder_Heinrich_Heine-Vorlage_W20B0326-Schwellwert_10/in_4_Bin.ufv
/home/matt/esmeralda/lab/klaus/md_ufv/Binaerbilder_Heinrich_Heine-Vorlage_W20B0326-Schwellwert_10/in_5_Bin.ufv
/home/matt/esmeralda/lab/klaus/md_ufv/Binaerbilder_Heinrich_Heine-Vorlage_W20B0326-Schwellwert_10/in_6_Bin.ufv
/home/matt/esmeralda/lab/klaus/md_ufv/Binaerbilder_Heinrich_Heine-Vorlage_W20B0326-Schwellwert_10/in_7_Bin.ufv
/home/matt/esmeralda/lab/klaus/md_ufv/Binaerbilder_Henry_Luring-Vorlage_W24B0048-Schwellwert_14/in_1_Bin.ufv
/home/matt/esmeralda/lab/klaus/md_ufv/Binaerbilder_Henry_Luring-Vorlage_W24B0048-Schwellwert_14/in_2_Bin.ufv
/home/matt/esmeralda/lab/klaus/md_ufv/Binaerbilder_Hermann_Franck-Vorlage_W24B0059-Schwellwert_10/in_1_Bin.ufv
/home/matt/esmeralda/lab/klaus/md_ufv/Binaerbilder_Hermann_Franck-Vorlage_W24B0059-Schwellwert_10/in_2_Bin.ufv
/home/matt/esmeralda/lab/klaus/md_ufv/Binaerbilder_Hermann_Franck-Vorlage_W24B0059-Schwellwert_10/in_3_Bin.ufv
/home/matt/esmeralda/lab/klaus/md_ufv/Binaerbilder_Julius_Campe-Vorlage_W24B0013-Schwellwert_20/in_10_Bin.ufv
/home/matt/esmeralda/lab/klaus/md_ufv/Binaerbilder_Julius_Campe-Vorlage_W24B0013-Schwellwert_20/in_1_Bin.ufv
/home/matt/esmeralda/lab/klaus/md_ufv/Binaerbilder_Julius_Campe-Vorlage_W24B0013-Schwellwert_20/in_2_Bin.ufv
/home/matt/esmeralda/lab/klaus/md_ufv/Binaerbilder_Julius_Campe-Vorlage_W24B0013-Schwellwert_20/in_3_Bin.ufv
/home/matt/esmeralda/lab/klaus/md_ufv/Binaerbilder_Julius_Campe-Vorlage_W24B0013-Schwellwert_20/in_4_Bin.ufv
/home/matt/esmeralda/lab/klaus/md_ufv/Binaerbilder_Julius_Campe-Vorlage_W24B0013-Schwellwert_20/in_5_Bin.ufv
/home/matt/esmeralda/lab/klaus/md_ufv/Binaerbilder_Julius_Campe-Vorlage_W24B0013-Schwellwert_20/in_6_Bin.ufv
/home/matt/esmeralda/lab/klaus/md_ufv/Binaerbilder_Julius_Campe-Vorlage_W24B0013-Schwellwert_20/in_7_Bin.ufv
/home/matt/esmeralda/lab/klaus/md_ufv/Binaerbilder_Julius_Campe-Vorlage_W24B0013-Schwellwert_20/in_8_Bin.ufv
/home/matt/esmeralda/lab/klaus/md_ufv/Binaerbilder_Julius_Campe-Vorlage_W24B0013-Schwellwert_20/in_9_Bin.ufv
/home/matt/esmeralda/lab/klaus/md_ufv/Binaerbilder_Karl_Immermann-Vorlage_W24B0006-Schwellwert_30/in_1_Bin.ufv
/home/matt/esmeralda/lab/klaus/md_ufv/Binaerbilder_Karl_Immermann-Vorlage_W24B0006-Schwellwert_30/in_2_Bin.ufv
/home/matt/esmeralda/lab/klaus/md_ufv/Binaerbilder_Karl_Immermann-Vorlage_W24B0006-Schwellwert_30/in_3_Bin.ufv
/home/matt/esmeralda/lab/klaus/md_ufv/Binaerbilder_Michael_Beer-Vorlage_W24B0056-Schwellwert_15/in_10_Bin.ufv
/home/matt/esmeralda/lab/klaus/md_ufv/Binaerbilder_Michael_Beer-Vorlage_W24B0056-Schwellwert_15/in_11_Bin.ufv
/home/matt/esmeralda/lab/klaus/md_ufv/Binaerbilder_Michael_Beer-Vorlage_W24B0056-Schwellwert_15/in_1_Bin.ufv
/home/matt/esmeralda/lab/klaus/md_ufv/Binaerbilder_Michael_Beer-Vorlage_W24B0056-Schwellwert_15/in_2_Bin.ufv
/home/matt/esmeralda/lab/klaus/md_ufv/Binaerbilder_Michael_Beer-Vorlage_W24B0056-Schwellwert_15/in_3_Bin.ufv
/home/matt/esmeralda/lab/klaus/md_ufv/Binaerbilder_Michael_Beer-Vorlage_W24B0056-Schwellwert_15/in_4_Bin.ufv
/home/matt/esmeralda/lab/klaus/md_ufv/Binaerbilder_Michael_Beer-Vorlage_W24B0056-Schwellwert_15/in_5_Bin.ufv
/home/matt/esmeralda/lab/klaus/md_ufv/Binaerbilder_Michael_Beer-Vorlage_W24B0056-Schwellwert_15/in_6_Bin.ufv
/home/matt/esmeralda/lab/klaus/md_ufv/Binaerbilder_Michael_Beer-Vorlage_W24B0056-Schwellwert_15/in_7_Bin.ufv
/home/matt/esmeralda/lab/klaus/md_ufv/Binaerbilder_Michael_Beer-Vorlage_W24B0056-Schwellwert_15/in_8_Bin.ufv
/home/matt/esmeralda/lab/klaus/md_ufv/Binaerbilder_Moses_Moser-Vorlage_W24B0150-Schwellwert_15/in_10_Bin.ufv
/home/matt/esmeralda/lab/klaus/md_ufv/Binaerbilder_Moses_Moser-Vorlage_W24B0150-Schwellwert_15/in_11_Bin.ufv
/home/matt/esmeralda/lab/klaus/md_ufv/Binaerbilder_Moses_Moser-Vorlage_W24B0150-Schwellwert_15/in_1_Bin.ufv
/home/matt/esmeralda/lab/klaus/md_ufv/Binaerbilder_Moses_Moser-Vorlage_W24B0150-Schwellwert_15/in_2_Bin.ufv
/home/matt/esmeralda/lab/klaus/md_ufv/Binaerbilder_Moses_Moser-Vorlage_W24B0150-Schwellwert_15/in_3_Bin.ufv
/home/matt/esmeralda/lab/klaus/md_ufv/Binaerbilder_Moses_Moser-Vorlage_W24B0150-Schwellwert_15/in_4_Bin.ufv
/home/matt/esmeralda/lab/klaus/md_ufv/Binaerbilder_Moses_Moser-Vorlage_W24B0150-Schwellwert_15/in_5_Bin.ufv
/home/matt/esmeralda/lab/klaus/md_ufv/Binaerbilder_Moses_Moser-Vorlage_W24B0150-Schwellwert_15/in_6_Bin.ufv
/home/matt/esmeralda/lab/klaus/md_ufv/Binaerbilder_Moses_Moser-Vorlage_W24B0150-Schwellwert_15/in_7_Bin.ufv
/home/matt/esmeralda/lab/klaus/md_ufv/Binaerbilder_Moses_Moser-Vorlage_W24B0150-Schwellwert_15/in_8_Bin.ufv
/home/matt/esmeralda/lab/klaus/md_ufv/Binaerbilder_Moses_Moser-Vorlage_W24B0150-Schwellwert_15/in_9_Bin.ufv
/home/matt/esmeralda/lab/klaus/md_ufv/Binaerbilder_Salomon_Heine-Vorlage_W24B0015-Schwellwert_12/in_1_Bin.ufv
/home/matt/esmeralda/lab/klaus/md_ufv/Binaerbilder_Theodor_von_Kobbe-Vorlage_W24B0047-Schwellwert_20/in_1_Bin.ufv
/home/matt/esmeralda/lab/klaus/md_ufv/Binaerbilder_Theodor_von_Kobbe-Vorlage_W24B0047-Schwellwert_20/in_2_Bin.ufv
/home/matt/esmeralda/lab/klaus/md_ufv/Binaerbilder_Theodor_von_Kobbe-Vorlage_W24B0047-Schwellwert_20/in_3_Bin.ufv
/home/matt/esmeralda/lab/klaus/md_ufv/Binaerbilder_Theodor_von_Kobbe-Vorlage_W24B0047-Schwellwert_20/in_4_Bin.ufv
/home/matt/esmeralda/lab/klaus/md_ufv/Binaerbilder_Theodor_von_Kobbe-Vorlage_W24B0047-Schwellwert_20/in_5_Bin.ufv
