/home/matt/esmeralda/lab/klaus/md_ufv/Binaerbilder_Heine-Vorlage_W20B0007-Schwellwert_10/so_1_Bin.ufv
/home/matt/esmeralda/lab/klaus/md_ufv/Binaerbilder_Heine-Vorlage_W20B0065-Schwellwert_15/so_1_Bin.ufv
/home/matt/esmeralda/lab/klaus/md_ufv/Binaerbilder_Heine-Vorlage_W20B0065-Schwellwert_15/so_2_Bin.ufv
/home/matt/esmeralda/lab/klaus/md_ufv/Binaerbilder_Heine-Vorlage_W20B0065-Schwellwert_15/so_3_Bin.ufv
/home/matt/esmeralda/lab/klaus/md_ufv/Binaerbilder_Heine-Vorlage_W20B0065-Schwellwert_15/so_4_Bin.ufv
/home/matt/esmeralda/lab/klaus/md_ufv/Binaerbilder_Heine-Vorlage_W20B0065-Schwellwert_15/so_5_Bin.ufv
/home/matt/esmeralda/lab/klaus/md_ufv/Binaerbilder_Heine-Vorlage_W20B0065-Schwellwert_15/so_6_Bin.ufv
/home/matt/esmeralda/lab/klaus/md_ufv/Binaerbilder_Heine-Vorlage_W20B0065-Schwellwert_15/so_7_Bin.ufv
/home/matt/esmeralda/lab/klaus/md_ufv/Binaerbilder_Heine-Vorlage_W20B0065-Schwellwert_15/so_8_Bin.ufv
/home/matt/esmeralda/lab/klaus/md_ufv/Binaerbilder_Heine-Vorlage_W20B0170-Schwellwert_19/so_1_Bin.ufv
/home/matt/esmeralda/lab/klaus/md_ufv/Binaerbilder_Heine-Vorlage_W20B0170-Schwellwert_19/so_2_Bin.ufv
/home/matt/esmeralda/lab/klaus/md_ufv/Binaerbilder_Heine-Vorlage_W20B0170-Schwellwert_19/so_3_Bin.ufv
/home/matt/esmeralda/lab/klaus/md_ufv/Binaerbilder_Heine-Vorlage_W20B0170-Schwellwert_19/so_4_Bin.ufv
/home/matt/esmeralda/lab/klaus/md_ufv/Binaerbilder_Heine-Vorlage_W20B0170-Schwellwert_19/so_5_Bin.ufv
/home/matt/esmeralda/lab/klaus/md_ufv/Binaerbilder_Heine-Vorlage_W20B0170-Schwellwert_19/so_6_Bin.ufv
/home/matt/esmeralda/lab/klaus/md_ufv/Binaerbilder_Heine-Vorlage_W20B0170-Schwellwert_19/so_7_Bin.ufv
/home/matt/esmeralda/lab/klaus/md_ufv/Binaerbilder_Heine-Vorlage_W21B0777-Schwellwert_15/so_1_Bin.ufv
/home/matt/esmeralda/lab/klaus/md_ufv/Binaerbilder_Heine-Vorlage_W21B0777-Schwellwert_15/so_2_Bin.ufv
/home/matt/esmeralda/lab/klaus/md_ufv/Binaerbilder_Heine-Vorlage_W21B0777-Schwellwert_15/so_3_Bin.ufv
/home/matt/esmeralda/lab/klaus/md_ufv/Binaerbilder_Heine-Vorlage_W21B0777-Schwellwert_15/so_4_Bin.ufv
/home/matt/esmeralda/lab/klaus/md_ufv/Binaerbilder_Heine-Vorlage_W21B0777-Schwellwert_15/so_5_Bin.ufv
/home/matt/esmeralda/lab/klaus/md_ufv/Binaerbilder_Heinrich_Heine-Vorlage_W20B0326-Schwellwert_10/so_10_Bin.ufv
/home/matt/esmeralda/lab/klaus/md_ufv/Binaerbilder_Heinrich_Heine-Vorlage_W20B0326-Schwellwert_10/so_11_Bin.ufv
/home/matt/esmeralda/lab/klaus/md_ufv/Binaerbilder_Heinrich_Heine-Vorlage_W20B0326-Schwellwert_10/so_1_Bin.ufv
/home/matt/esmeralda/lab/klaus/md_ufv/Binaerbilder_Heinrich_Heine-Vorlage_W20B0326-Schwellwert_10/so_2_Bin.ufv
/home/matt/esmeralda/lab/klaus/md_ufv/Binaerbilder_Heinrich_Heine-Vorlage_W20B0326-Schwellwert_10/so_3_Bin.ufv
/home/matt/esmeralda/lab/klaus/md_ufv/Binaerbilder_Heinrich_Heine-Vorlage_W20B0326-Schwellwert_10/so_4_Bin.ufv
/home/matt/esmeralda/lab/klaus/md_ufv/Binaerbilder_Heinrich_Heine-Vorlage_W20B0326-Schwellwert_10/so_5_Bin.ufv
/home/matt/esmeralda/lab/klaus/md_ufv/Binaerbilder_Heinrich_Heine-Vorlage_W20B0326-Schwellwert_10/so_6_Bin.ufv
/home/matt/esmeralda/lab/klaus/md_ufv/Binaerbilder_Heinrich_Heine-Vorlage_W20B0326-Schwellwert_10/so_7_Bin.ufv
/home/matt/esmeralda/lab/klaus/md_ufv/Binaerbilder_Heinrich_Heine-Vorlage_W20B0326-Schwellwert_10/so_8_Bin.ufv
/home/matt/esmeralda/lab/klaus/md_ufv/Binaerbilder_Heinrich_Heine-Vorlage_W20B0326-Schwellwert_10/so_9_Bin.ufv
/home/matt/esmeralda/lab/klaus/md_ufv/Binaerbilder_Hermann_Franck-Vorlage_W24B0059-Schwellwert_10/so_1_Bin.ufv
/home/matt/esmeralda/lab/klaus/md_ufv/Binaerbilder_Julius_Campe-Vorlage_W24B0013-Schwellwert_20/so_10_Bin.ufv
/home/matt/esmeralda/lab/klaus/md_ufv/Binaerbilder_Julius_Campe-Vorlage_W24B0013-Schwellwert_20/so_11_Bin.ufv
/home/matt/esmeralda/lab/klaus/md_ufv/Binaerbilder_Julius_Campe-Vorlage_W24B0013-Schwellwert_20/so_12_Bin.ufv
/home/matt/esmeralda/lab/klaus/md_ufv/Binaerbilder_Julius_Campe-Vorlage_W24B0013-Schwellwert_20/so_13_Bin.ufv
/home/matt/esmeralda/lab/klaus/md_ufv/Binaerbilder_Julius_Campe-Vorlage_W24B0013-Schwellwert_20/so_15_Bin.ufv
/home/matt/esmeralda/lab/klaus/md_ufv/Binaerbilder_Julius_Campe-Vorlage_W24B0013-Schwellwert_20/so_1_Bin.ufv
/home/matt/esmeralda/lab/klaus/md_ufv/Binaerbilder_Julius_Campe-Vorlage_W24B0013-Schwellwert_20/so_2_Bin.ufv
/home/matt/esmeralda/lab/klaus/md_ufv/Binaerbilder_Julius_Campe-Vorlage_W24B0013-Schwellwert_20/so_3_Bin.ufv
/home/matt/esmeralda/lab/klaus/md_ufv/Binaerbilder_Julius_Campe-Vorlage_W24B0013-Schwellwert_20/so_4_Bin.ufv
/home/matt/esmeralda/lab/klaus/md_ufv/Binaerbilder_Julius_Campe-Vorlage_W24B0013-Schwellwert_20/so_5_Bin.ufv
/home/matt/esmeralda/lab/klaus/md_ufv/Binaerbilder_Julius_Campe-Vorlage_W24B0013-Schwellwert_20/so_6_Bin.ufv
/home/matt/esmeralda/lab/klaus/md_ufv/Binaerbilder_Julius_Campe-Vorlage_W24B0013-Schwellwert_20/so_7_Bin.ufv
/home/matt/esmeralda/lab/klaus/md_ufv/Binaerbilder_Julius_Campe-Vorlage_W24B0013-Schwellwert_20/so_8_Bin.ufv
/home/matt/esmeralda/lab/klaus/md_ufv/Binaerbilder_Julius_Campe-Vorlage_W24B0013-Schwellwert_20/so_9_Bin.ufv
/home/matt/esmeralda/lab/klaus/md_ufv/Binaerbilder_Karl_Immermann-Vorlage_W24B0006-Schwellwert_30/so_1_Bin.ufv
/home/matt/esmeralda/lab/klaus/md_ufv/Binaerbilder_Karl_Immermann-Vorlage_W24B0006-Schwellwert_30/so_2_Bin.ufv
/home/matt/esmeralda/lab/klaus/md_ufv/Binaerbilder_Karl_Immermann-Vorlage_W24B0006-Schwellwert_30/so_3_Bin.ufv
/home/matt/esmeralda/lab/klaus/md_ufv/Binaerbilder_Michael_Beer-Vorlage_W24B0056-Schwellwert_15/so_1_Bin.ufv
/home/matt/esmeralda/lab/klaus/md_ufv/Binaerbilder_Michael_Beer-Vorlage_W24B0056-Schwellwert_15/so_2_Bin.ufv
/home/matt/esmeralda/lab/klaus/md_ufv/Binaerbilder_Michael_Beer-Vorlage_W24B0056-Schwellwert_15/so_3_Bin.ufv
/home/matt/esmeralda/lab/klaus/md_ufv/Binaerbilder_Michael_Beer-Vorlage_W24B0056-Schwellwert_15/so_4_Bin.ufv
/home/matt/esmeralda/lab/klaus/md_ufv/Binaerbilder_Michael_Beer-Vorlage_W24B0056-Schwellwert_15/so_5_Bin.ufv
/home/matt/esmeralda/lab/klaus/md_ufv/Binaerbilder_Michael_Beer-Vorlage_W24B0056-Schwellwert_15/so_6_Bin.ufv
/home/matt/esmeralda/lab/klaus/md_ufv/Binaerbilder_Michael_Beer-Vorlage_W24B0056-Schwellwert_15/so_7_Bin.ufv
/home/matt/esmeralda/lab/klaus/md_ufv/Binaerbilder_Michael_Beer-Vorlage_W24B0056-Schwellwert_15/so_8_Bin.ufv
/home/matt/esmeralda/lab/klaus/md_ufv/Binaerbilder_Moses_Moser-Vorlage_W24B0150-Schwellwert_15/so_1_Bin.ufv
/home/matt/esmeralda/lab/klaus/md_ufv/Binaerbilder_Moses_Moser-Vorlage_W24B0150-Schwellwert_15/so_2_Bin.ufv
/home/matt/esmeralda/lab/klaus/md_ufv/Binaerbilder_Moses_Moser-Vorlage_W24B0150-Schwellwert_15/so_3_Bin.ufv
/home/matt/esmeralda/lab/klaus/md_ufv/Binaerbilder_Moses_Moser-Vorlage_W24B0150-Schwellwert_15/so_4_Bin.ufv
/home/matt/esmeralda/lab/klaus/md_ufv/Binaerbilder_Moses_Moser-Vorlage_W24B0150-Schwellwert_15/so_5_Bin.ufv
/home/matt/esmeralda/lab/klaus/md_ufv/Binaerbilder_Moses_Moser-Vorlage_W24B0150-Schwellwert_15/so_6_Bin.ufv
/home/matt/esmeralda/lab/klaus/md_ufv/Binaerbilder_Salomon_Heine-Vorlage_W24B0015-Schwellwert_12/so_1_Bin.ufv
/home/matt/esmeralda/lab/klaus/md_ufv/Binaerbilder_Theodor_von_Kobbe-Vorlage_W24B0047-Schwellwert_20/so_1_Bin.ufv
/home/matt/esmeralda/lab/klaus/md_ufv/Binaerbilder_Theodor_von_Kobbe-Vorlage_W24B0047-Schwellwert_20/so_2_Bin.ufv
/home/matt/esmeralda/lab/klaus/md_ufv/Binaerbilder_Theodor_von_Kobbe-Vorlage_W24B0047-Schwellwert_20/so_3_Bin.ufv
/home/matt/esmeralda/lab/klaus/md_ufv/Binaerbilder_Theodor_von_Kobbe-Vorlage_W24B0047-Schwellwert_20/so_4_Bin.ufv
