/home/matt/esmeralda/lab/klaus/md_ufv/Binaerbilder_Adolph_Benedict-Vorlage_W24B0052-Schwellwert_10/und_1_Bin.ufv
/home/matt/esmeralda/lab/klaus/md_ufv/Binaerbilder_August_Lewald-Vorlage_W24B0097-Schwellwert_20/und_1_Bin.ufv
/home/matt/esmeralda/lab/klaus/md_ufv/Binaerbilder_August_Lewald-Vorlage_W24B0097-Schwellwert_20/und_2_Bin.ufv
/home/matt/esmeralda/lab/klaus/md_ufv/Binaerbilder_August_Lewald-Vorlage_W24B0097-Schwellwert_20/und_4_Bin.ufv
/home/matt/esmeralda/lab/klaus/md_ufv/Binaerbilder_August_Lewald-Vorlage_W24B0097-Schwellwert_20/und_5_Bin.ufv
/home/matt/esmeralda/lab/klaus/md_ufv/Binaerbilder_Dierdier_Roth-Vorlage_W27B1319-Schwellwert_12/und_1_Bin.ufv
/home/matt/esmeralda/lab/klaus/md_ufv/Binaerbilder_Dierdier_Roth-Vorlage_W27B1319-Schwellwert_12/und_2_Bin.ufv
/home/matt/esmeralda/lab/klaus/md_ufv/Binaerbilder_Dierdier_Roth-Vorlage_W27B1319-Schwellwert_12/und_3_Bin.ufv
/home/matt/esmeralda/lab/klaus/md_ufv/Binaerbilder_Dierdier_Roth-Vorlage_W27B1319-Schwellwert_12/und_4_Bin.ufv
/home/matt/esmeralda/lab/klaus/md_ufv/Binaerbilder_Dierdier_Roth-Vorlage_W27B1319-Schwellwert_12/und_5_Bin.ufv
/home/matt/esmeralda/lab/klaus/md_ufv/Binaerbilder_Dierdier_Roth-Vorlage_W27B1319-Schwellwert_12/und_6_Bin.ufv
/home/matt/esmeralda/lab/klaus/md_ufv/Binaerbilder_Georg_Weerth-Vorlage_W27B1278-Schwellwert_15/und_1_Bin.ufv
/home/matt/esmeralda/lab/klaus/md_ufv/Binaerbilder_Georg_Weerth-Vorlage_W27B1278-Schwellwert_15/und_2_Bin.ufv
/home/matt/esmeralda/lab/klaus/md_ufv/Binaerbilder_Georg_Weerth-Vorlage_W27B1278-Schwellwert_15/und_3_Bin.ufv
/home/matt/esmeralda/lab/klaus/md_ufv/Binaerbilder_Georg_Weerth-Vorlage_W27B1278-Schwellwert_15/und_4_Bin.ufv
/home/matt/esmeralda/lab/klaus/md_ufv/Binaerbilder_Heine-Vorlage_W20B0007-Schwellwert_10/und_1_Bin.ufv
/home/matt/esmeralda/lab/klaus/md_ufv/Binaerbilder_Heine-Vorlage_W20B0007-Schwellwert_10/und_3_Bin.ufv
/home/matt/esmeralda/lab/klaus/md_ufv/Binaerbilder_Heine-Vorlage_W20B0007-Schwellwert_10/und_4_Bin.ufv
/home/matt/esmeralda/lab/klaus/md_ufv/Binaerbilder_Heine-Vorlage_W20B0009-Schwellwert_10/und_2_Bin.ufv
/home/matt/esmeralda/lab/klaus/md_ufv/Binaerbilder_Heine-Vorlage_W20B0009-Schwellwert_10/und_3_Bin.ufv
/home/matt/esmeralda/lab/klaus/md_ufv/Binaerbilder_Heine-Vorlage_W20B0009-Schwellwert_10/und_4_Bin.ufv
/home/matt/esmeralda/lab/klaus/md_ufv/Binaerbilder_Heine-Vorlage_W20B0065-Schwellwert_15/und_10_Bin.ufv
/home/matt/esmeralda/lab/klaus/md_ufv/Binaerbilder_Heine-Vorlage_W20B0065-Schwellwert_15/und_11_Bin.ufv
/home/matt/esmeralda/lab/klaus/md_ufv/Binaerbilder_Heine-Vorlage_W20B0065-Schwellwert_15/und_12_Bin.ufv
/home/matt/esmeralda/lab/klaus/md_ufv/Binaerbilder_Heine-Vorlage_W20B0065-Schwellwert_15/und_13_Bin.ufv
/home/matt/esmeralda/lab/klaus/md_ufv/Binaerbilder_Heine-Vorlage_W20B0065-Schwellwert_15/und_14_Bin.ufv
/home/matt/esmeralda/lab/klaus/md_ufv/Binaerbilder_Heine-Vorlage_W20B0065-Schwellwert_15/und_15_Bin.ufv
/home/matt/esmeralda/lab/klaus/md_ufv/Binaerbilder_Heine-Vorlage_W20B0065-Schwellwert_15/und_16_Bin.ufv
/home/matt/esmeralda/lab/klaus/md_ufv/Binaerbilder_Heine-Vorlage_W20B0065-Schwellwert_15/und_17_Bin.ufv
/home/matt/esmeralda/lab/klaus/md_ufv/Binaerbilder_Heine-Vorlage_W20B0065-Schwellwert_15/und_18_Bin.ufv
/home/matt/esmeralda/lab/klaus/md_ufv/Binaerbilder_Heine-Vorlage_W20B0065-Schwellwert_15/und_19_Bin.ufv
/home/matt/esmeralda/lab/klaus/md_ufv/Binaerbilder_Heine-Vorlage_W20B0065-Schwellwert_15/und_1_Bin.ufv
/home/matt/esmeralda/lab/klaus/md_ufv/Binaerbilder_Heine-Vorlage_W20B0065-Schwellwert_15/und_20_Bin.ufv
/home/matt/esmeralda/lab/klaus/md_ufv/Binaerbilder_Heine-Vorlage_W20B0065-Schwellwert_15/und_21_Bin.ufv
/home/matt/esmeralda/lab/klaus/md_ufv/Binaerbilder_Heine-Vorlage_W20B0065-Schwellwert_15/und_22_Bin.ufv
/home/matt/esmeralda/lab/klaus/md_ufv/Binaerbilder_Heine-Vorlage_W20B0065-Schwellwert_15/und_23_Bin.ufv
/home/matt/esmeralda/lab/klaus/md_ufv/Binaerbilder_Heine-Vorlage_W20B0065-Schwellwert_15/und_2_Bin.ufv
/home/matt/esmeralda/lab/klaus/md_ufv/Binaerbilder_Heine-Vorlage_W20B0065-Schwellwert_15/und_3_Bin.ufv
/home/matt/esmeralda/lab/klaus/md_ufv/Binaerbilder_Heine-Vorlage_W20B0065-Schwellwert_15/und_4_Bin.ufv
/home/matt/esmeralda/lab/klaus/md_ufv/Binaerbilder_Heine-Vorlage_W20B0065-Schwellwert_15/und_5_Bin.ufv
/home/matt/esmeralda/lab/klaus/md_ufv/Binaerbilder_Heine-Vorlage_W20B0065-Schwellwert_15/und_6_Bin.ufv
/home/matt/esmeralda/lab/klaus/md_ufv/Binaerbilder_Heine-Vorlage_W20B0065-Schwellwert_15/und_7_Bin.ufv
/home/matt/esmeralda/lab/klaus/md_ufv/Binaerbilder_Heine-Vorlage_W20B0065-Schwellwert_15/und_8_Bin.ufv
/home/matt/esmeralda/lab/klaus/md_ufv/Binaerbilder_Heine-Vorlage_W20B0065-Schwellwert_15/und_9_Bin.ufv
/home/matt/esmeralda/lab/klaus/md_ufv/Binaerbilder_Heine-Vorlage_W20B0170-Schwellwert_19/und_10_Bin.ufv
/home/matt/esmeralda/lab/klaus/md_ufv/Binaerbilder_Heine-Vorlage_W20B0170-Schwellwert_19/und_11_Bin.ufv
/home/matt/esmeralda/lab/klaus/md_ufv/Binaerbilder_Heine-Vorlage_W20B0170-Schwellwert_19/und_12_Bin.ufv
/home/matt/esmeralda/lab/klaus/md_ufv/Binaerbilder_Heine-Vorlage_W20B0170-Schwellwert_19/und_14_Bin.ufv
/home/matt/esmeralda/lab/klaus/md_ufv/Binaerbilder_Heine-Vorlage_W20B0170-Schwellwert_19/und_15_Bin.ufv
/home/matt/esmeralda/lab/klaus/md_ufv/Binaerbilder_Heine-Vorlage_W20B0170-Schwellwert_19/und_16_Bin.ufv
/home/matt/esmeralda/lab/klaus/md_ufv/Binaerbilder_Heine-Vorlage_W20B0170-Schwellwert_19/und_17_Bin.ufv
/home/matt/esmeralda/lab/klaus/md_ufv/Binaerbilder_Heine-Vorlage_W20B0170-Schwellwert_19/und_18_Bin.ufv
/home/matt/esmeralda/lab/klaus/md_ufv/Binaerbilder_Heine-Vorlage_W20B0170-Schwellwert_19/und_19_Bin.ufv
/home/matt/esmeralda/lab/klaus/md_ufv/Binaerbilder_Heine-Vorlage_W20B0170-Schwellwert_19/und_2_Bin.ufv
/home/matt/esmeralda/lab/klaus/md_ufv/Binaerbilder_Heine-Vorlage_W20B0170-Schwellwert_19/und_3_Bin.ufv
/home/matt/esmeralda/lab/klaus/md_ufv/Binaerbilder_Heine-Vorlage_W20B0170-Schwellwert_19/und_4_Bin.ufv
/home/matt/esmeralda/lab/klaus/md_ufv/Binaerbilder_Heine-Vorlage_W20B0170-Schwellwert_19/und_5_Bin.ufv
/home/matt/esmeralda/lab/klaus/md_ufv/Binaerbilder_Heine-Vorlage_W20B0170-Schwellwert_19/und_6_Bin.ufv
/home/matt/esmeralda/lab/klaus/md_ufv/Binaerbilder_Heine-Vorlage_W20B0170-Schwellwert_19/und_7_Bin.ufv
/home/matt/esmeralda/lab/klaus/md_ufv/Binaerbilder_Heine-Vorlage_W20B0170-Schwellwert_19/und_8_Bin.ufv
/home/matt/esmeralda/lab/klaus/md_ufv/Binaerbilder_Heine-Vorlage_W20B0170-Schwellwert_19/und_9_Bin.ufv
/home/matt/esmeralda/lab/klaus/md_ufv/Binaerbilder_Heine-Vorlage_W21B0777-Schwellwert_15/und_1_Bin.ufv
/home/matt/esmeralda/lab/klaus/md_ufv/Binaerbilder_Heine-Vorlage_W21B0777-Schwellwert_15/und_3_Bin.ufv
/home/matt/esmeralda/lab/klaus/md_ufv/Binaerbilder_Heine-Vorlage_W21B0777-Schwellwert_15/und_4_Bin.ufv
/home/matt/esmeralda/lab/klaus/md_ufv/Binaerbilder_Heine-Vorlage_W21B0777-Schwellwert_15/und_5_Bin.ufv
/home/matt/esmeralda/lab/klaus/md_ufv/Binaerbilder_Heinrich_Heine-Vorlage_W20B0326-Schwellwert_10/und_10_Bin.ufv
/home/matt/esmeralda/lab/klaus/md_ufv/Binaerbilder_Heinrich_Heine-Vorlage_W20B0326-Schwellwert_10/und_11_Bin.ufv
/home/matt/esmeralda/lab/klaus/md_ufv/Binaerbilder_Heinrich_Heine-Vorlage_W20B0326-Schwellwert_10/und_12_Bin.ufv
/home/matt/esmeralda/lab/klaus/md_ufv/Binaerbilder_Heinrich_Heine-Vorlage_W20B0326-Schwellwert_10/und_13_Bin.ufv
/home/matt/esmeralda/lab/klaus/md_ufv/Binaerbilder_Heinrich_Heine-Vorlage_W20B0326-Schwellwert_10/und_1_Bin.ufv
/home/matt/esmeralda/lab/klaus/md_ufv/Binaerbilder_Heinrich_Heine-Vorlage_W20B0326-Schwellwert_10/und_2_Bin.ufv
/home/matt/esmeralda/lab/klaus/md_ufv/Binaerbilder_Heinrich_Heine-Vorlage_W20B0326-Schwellwert_10/und_3_Bin.ufv
/home/matt/esmeralda/lab/klaus/md_ufv/Binaerbilder_Heinrich_Heine-Vorlage_W20B0326-Schwellwert_10/und_4_Bin.ufv
/home/matt/esmeralda/lab/klaus/md_ufv/Binaerbilder_Heinrich_Heine-Vorlage_W20B0326-Schwellwert_10/und_5_Bin.ufv
/home/matt/esmeralda/lab/klaus/md_ufv/Binaerbilder_Heinrich_Heine-Vorlage_W20B0326-Schwellwert_10/und_6_Bin.ufv
/home/matt/esmeralda/lab/klaus/md_ufv/Binaerbilder_Heinrich_Heine-Vorlage_W20B0326-Schwellwert_10/und_7_Bin.ufv
/home/matt/esmeralda/lab/klaus/md_ufv/Binaerbilder_Heinrich_Heine-Vorlage_W20B0326-Schwellwert_10/und_8_Bin.ufv
/home/matt/esmeralda/lab/klaus/md_ufv/Binaerbilder_Julius_Campe-Vorlage_W24B0013-Schwellwert_20/und_1_Bin.ufv
/home/matt/esmeralda/lab/klaus/md_ufv/Binaerbilder_Julius_Campe-Vorlage_W24B0013-Schwellwert_20/und_2_Bin.ufv
/home/matt/esmeralda/lab/klaus/md_ufv/Binaerbilder_Julius_Campe-Vorlage_W24B0013-Schwellwert_20/und_3_Bin.ufv
/home/matt/esmeralda/lab/klaus/md_ufv/Binaerbilder_Julius_Campe-Vorlage_W24B0013-Schwellwert_20/und_4_Bin.ufv
/home/matt/esmeralda/lab/klaus/md_ufv/Binaerbilder_Julius_Campe-Vorlage_W24B0013-Schwellwert_20/und_5_Bin.ufv
/home/matt/esmeralda/lab/klaus/md_ufv/Binaerbilder_Julius_Campe-Vorlage_W24B0013-Schwellwert_20/und_6_Bin.ufv
/home/matt/esmeralda/lab/klaus/md_ufv/Binaerbilder_Julius_Campe-Vorlage_W24B0013-Schwellwert_20/und_7_Bin.ufv
/home/matt/esmeralda/lab/klaus/md_ufv/Binaerbilder_Karl_Immermann-Vorlage_W24B0006-Schwellwert_30/und_10_Bin.ufv
/home/matt/esmeralda/lab/klaus/md_ufv/Binaerbilder_Karl_Immermann-Vorlage_W24B0006-Schwellwert_30/und_11_Bin.ufv
/home/matt/esmeralda/lab/klaus/md_ufv/Binaerbilder_Karl_Immermann-Vorlage_W24B0006-Schwellwert_30/und_12_Bin.ufv
/home/matt/esmeralda/lab/klaus/md_ufv/Binaerbilder_Karl_Immermann-Vorlage_W24B0006-Schwellwert_30/und_13_Bin.ufv
/home/matt/esmeralda/lab/klaus/md_ufv/Binaerbilder_Karl_Immermann-Vorlage_W24B0006-Schwellwert_30/und_1_Bin.ufv
/home/matt/esmeralda/lab/klaus/md_ufv/Binaerbilder_Karl_Immermann-Vorlage_W24B0006-Schwellwert_30/und_2_Bin.ufv
/home/matt/esmeralda/lab/klaus/md_ufv/Binaerbilder_Karl_Immermann-Vorlage_W24B0006-Schwellwert_30/und_3_Bin.ufv
/home/matt/esmeralda/lab/klaus/md_ufv/Binaerbilder_Karl_Immermann-Vorlage_W24B0006-Schwellwert_30/und_4_Bin.ufv
/home/matt/esmeralda/lab/klaus/md_ufv/Binaerbilder_Karl_Immermann-Vorlage_W24B0006-Schwellwert_30/und_6_Bin.ufv
/home/matt/esmeralda/lab/klaus/md_ufv/Binaerbilder_Karl_Immermann-Vorlage_W24B0006-Schwellwert_30/und_7_Bin.ufv
/home/matt/esmeralda/lab/klaus/md_ufv/Binaerbilder_Karl_Immermann-Vorlage_W24B0006-Schwellwert_30/und_9_Bin.ufv
/home/matt/esmeralda/lab/klaus/md_ufv/Binaerbilder_Michael_Beer-Vorlage_W24B0056-Schwellwert_15/und_10_Bin.ufv
/home/matt/esmeralda/lab/klaus/md_ufv/Binaerbilder_Michael_Beer-Vorlage_W24B0056-Schwellwert_15/und_11_Bin.ufv
/home/matt/esmeralda/lab/klaus/md_ufv/Binaerbilder_Michael_Beer-Vorlage_W24B0056-Schwellwert_15/und_12_Bin.ufv
/home/matt/esmeralda/lab/klaus/md_ufv/Binaerbilder_Michael_Beer-Vorlage_W24B0056-Schwellwert_15/und_1_Bin.ufv
/home/matt/esmeralda/lab/klaus/md_ufv/Binaerbilder_Michael_Beer-Vorlage_W24B0056-Schwellwert_15/und_2_Bin.ufv
/home/matt/esmeralda/lab/klaus/md_ufv/Binaerbilder_Michael_Beer-Vorlage_W24B0056-Schwellwert_15/und_3_Bin.ufv
/home/matt/esmeralda/lab/klaus/md_ufv/Binaerbilder_Michael_Beer-Vorlage_W24B0056-Schwellwert_15/und_4_Bin.ufv
/home/matt/esmeralda/lab/klaus/md_ufv/Binaerbilder_Michael_Beer-Vorlage_W24B0056-Schwellwert_15/und_5_Bin.ufv
/home/matt/esmeralda/lab/klaus/md_ufv/Binaerbilder_Michael_Beer-Vorlage_W24B0056-Schwellwert_15/und_6_Bin.ufv
/home/matt/esmeralda/lab/klaus/md_ufv/Binaerbilder_Michael_Beer-Vorlage_W24B0056-Schwellwert_15/und_7_Bin.ufv
/home/matt/esmeralda/lab/klaus/md_ufv/Binaerbilder_Michael_Beer-Vorlage_W24B0056-Schwellwert_15/und_8_Bin.ufv
/home/matt/esmeralda/lab/klaus/md_ufv/Binaerbilder_Michael_Beer-Vorlage_W24B0056-Schwellwert_15/und_9_Bin.ufv
/home/matt/esmeralda/lab/klaus/md_ufv/Binaerbilder_Moses_Moser-Vorlage_W24B0150-Schwellwert_15/und_10_Bin.ufv
/home/matt/esmeralda/lab/klaus/md_ufv/Binaerbilder_Moses_Moser-Vorlage_W24B0150-Schwellwert_15/und_11_Bin.ufv
/home/matt/esmeralda/lab/klaus/md_ufv/Binaerbilder_Moses_Moser-Vorlage_W24B0150-Schwellwert_15/und_12_Bin.ufv
/home/matt/esmeralda/lab/klaus/md_ufv/Binaerbilder_Moses_Moser-Vorlage_W24B0150-Schwellwert_15/und_13_Bin.ufv
/home/matt/esmeralda/lab/klaus/md_ufv/Binaerbilder_Moses_Moser-Vorlage_W24B0150-Schwellwert_15/und_14_Bin.ufv
/home/matt/esmeralda/lab/klaus/md_ufv/Binaerbilder_Moses_Moser-Vorlage_W24B0150-Schwellwert_15/und_15_Bin.ufv
/home/matt/esmeralda/lab/klaus/md_ufv/Binaerbilder_Moses_Moser-Vorlage_W24B0150-Schwellwert_15/und_16_Bin.ufv
/home/matt/esmeralda/lab/klaus/md_ufv/Binaerbilder_Moses_Moser-Vorlage_W24B0150-Schwellwert_15/und_17_Bin.ufv
/home/matt/esmeralda/lab/klaus/md_ufv/Binaerbilder_Moses_Moser-Vorlage_W24B0150-Schwellwert_15/und_18_Bin.ufv
/home/matt/esmeralda/lab/klaus/md_ufv/Binaerbilder_Moses_Moser-Vorlage_W24B0150-Schwellwert_15/und_19_Bin.ufv
/home/matt/esmeralda/lab/klaus/md_ufv/Binaerbilder_Moses_Moser-Vorlage_W24B0150-Schwellwert_15/und_1_Bin.ufv
/home/matt/esmeralda/lab/klaus/md_ufv/Binaerbilder_Moses_Moser-Vorlage_W24B0150-Schwellwert_15/und_20_Bin.ufv
/home/matt/esmeralda/lab/klaus/md_ufv/Binaerbilder_Moses_Moser-Vorlage_W24B0150-Schwellwert_15/und_21_Bin.ufv
/home/matt/esmeralda/lab/klaus/md_ufv/Binaerbilder_Moses_Moser-Vorlage_W24B0150-Schwellwert_15/und_22_Bin.ufv
/home/matt/esmeralda/lab/klaus/md_ufv/Binaerbilder_Moses_Moser-Vorlage_W24B0150-Schwellwert_15/und_2_Bin.ufv
/home/matt/esmeralda/lab/klaus/md_ufv/Binaerbilder_Moses_Moser-Vorlage_W24B0150-Schwellwert_15/und_3_Bin.ufv
/home/matt/esmeralda/lab/klaus/md_ufv/Binaerbilder_Moses_Moser-Vorlage_W24B0150-Schwellwert_15/und_4_Bin.ufv
/home/matt/esmeralda/lab/klaus/md_ufv/Binaerbilder_Moses_Moser-Vorlage_W24B0150-Schwellwert_15/und_5_Bin.ufv
/home/matt/esmeralda/lab/klaus/md_ufv/Binaerbilder_Moses_Moser-Vorlage_W24B0150-Schwellwert_15/und_6_Bin.ufv
/home/matt/esmeralda/lab/klaus/md_ufv/Binaerbilder_Moses_Moser-Vorlage_W24B0150-Schwellwert_15/und_7_Bin.ufv
/home/matt/esmeralda/lab/klaus/md_ufv/Binaerbilder_Moses_Moser-Vorlage_W24B0150-Schwellwert_15/und_8_Bin.ufv
/home/matt/esmeralda/lab/klaus/md_ufv/Binaerbilder_Moses_Moser-Vorlage_W24B0150-Schwellwert_15/und_9_Bin.ufv
/home/matt/esmeralda/lab/klaus/md_ufv/Binaerbilder_Salomon_Heine-Vorlage_W24B0015-Schwellwert_12/und_1_Bin.ufv
/home/matt/esmeralda/lab/klaus/md_ufv/Binaerbilder_Salomon_Heine-Vorlage_W24B0015-Schwellwert_12/und_2_Bin.ufv
/home/matt/esmeralda/lab/klaus/md_ufv/Binaerbilder_Theodor_von_Kobbe-Vorlage_W24B0047-Schwellwert_20/und_1_Bin.ufv
/home/matt/esmeralda/lab/klaus/md_ufv/Binaerbilder_Theodor_von_Kobbe-Vorlage_W24B0047-Schwellwert_20/und_2_Bin.ufv
/home/matt/esmeralda/lab/klaus/md_ufv/Binaerbilder_Theodor_von_Kobbe-Vorlage_W24B0047-Schwellwert_20/und_3_Bin.ufv
/home/matt/esmeralda/lab/klaus/md_ufv/Binaerbilder_Theodor_von_Kobbe-Vorlage_W24B0047-Schwellwert_20/und_4_Bin.ufv
/home/matt/esmeralda/lab/klaus/md_ufv/Binaerbilder_Theodor_von_Kobbe-Vorlage_W24B0047-Schwellwert_20/und_5_Bin.ufv
/home/matt/esmeralda/lab/klaus/md_ufv/Binaerbilder_Theodor_von_Kobbe-Vorlage_W24B0047-Schwellwert_20/und_6_Bin.ufv
/home/matt/esmeralda/lab/klaus/md_ufv/Binaerbilder_Theodor_von_Kobbe-Vorlage_W24B0047-Schwellwert_20/und_7_Bin.ufv
