/home/matt/esmeralda/lab/klaus/md_ufv/Binaerbilder_Adolph_Benedict-Vorlage_W24B0052-Schwellwert_10/zu_2_Bin.ufv
/home/matt/esmeralda/lab/klaus/md_ufv/Binaerbilder_Adolph_Benedict-Vorlage_W24B0052-Schwellwert_10/zu_3_Bin.ufv
/home/matt/esmeralda/lab/klaus/md_ufv/Binaerbilder_August_Lewald-Vorlage_W24B0097-Schwellwert_20/zu_1_Bin.ufv
/home/matt/esmeralda/lab/klaus/md_ufv/Binaerbilder_August_Lewald-Vorlage_W24B0097-Schwellwert_20/zu_2_Bin.ufv
/home/matt/esmeralda/lab/klaus/md_ufv/Binaerbilder_August_Lewald-Vorlage_W24B0097-Schwellwert_20/zu_3_Bin.ufv
/home/matt/esmeralda/lab/klaus/md_ufv/Binaerbilder_August_Lewald-Vorlage_W24B0097-Schwellwert_20/zu_4_Bin.ufv
/home/matt/esmeralda/lab/klaus/md_ufv/Binaerbilder_August_Lewald-Vorlage_W24B0097-Schwellwert_20/zu_5_Bin.ufv
/home/matt/esmeralda/lab/klaus/md_ufv/Binaerbilder_Dierdier_Roth-Vorlage_W27B1319-Schwellwert_12/zu_1_Bin.ufv
/home/matt/esmeralda/lab/klaus/md_ufv/Binaerbilder_Dierdier_Roth-Vorlage_W27B1319-Schwellwert_12/zu_2_Bin.ufv
/home/matt/esmeralda/lab/klaus/md_ufv/Binaerbilder_Dierdier_Roth-Vorlage_W27B1319-Schwellwert_12/zu_3_Bin.ufv
/home/matt/esmeralda/lab/klaus/md_ufv/Binaerbilder_Georg_Weerth-Vorlage_W27B1278-Schwellwert_15/zu_1_Bin.ufv
/home/matt/esmeralda/lab/klaus/md_ufv/Binaerbilder_Georg_Weerth-Vorlage_W27B1278-Schwellwert_15/zu_2_Bin.ufv
/home/matt/esmeralda/lab/klaus/md_ufv/Binaerbilder_Georg_Weerth-Vorlage_W27B1278-Schwellwert_15/zu_3_Bin.ufv
/home/matt/esmeralda/lab/klaus/md_ufv/Binaerbilder_Georg_Weerth-Vorlage_W27B1278-Schwellwert_15/zu_4_Bin.ufv
/home/matt/esmeralda/lab/klaus/md_ufv/Binaerbilder_Georg_Weerth-Vorlage_W27B1278-Schwellwert_15/zu_5_Bin.ufv
/home/matt/esmeralda/lab/klaus/md_ufv/Binaerbilder_Heine-Vorlage_W20B0065-Schwellwert_15/zu_1_Bin.ufv
/home/matt/esmeralda/lab/klaus/md_ufv/Binaerbilder_Heine-Vorlage_W20B0170-Schwellwert_19/zu_10_Bin.ufv
/home/matt/esmeralda/lab/klaus/md_ufv/Binaerbilder_Heine-Vorlage_W20B0170-Schwellwert_19/zu_1_Bin.ufv
/home/matt/esmeralda/lab/klaus/md_ufv/Binaerbilder_Heine-Vorlage_W20B0170-Schwellwert_19/zu_2_Bin.ufv
/home/matt/esmeralda/lab/klaus/md_ufv/Binaerbilder_Heine-Vorlage_W20B0170-Schwellwert_19/zu_3_Bin.ufv
/home/matt/esmeralda/lab/klaus/md_ufv/Binaerbilder_Heine-Vorlage_W20B0170-Schwellwert_19/zu_4_Bin.ufv
/home/matt/esmeralda/lab/klaus/md_ufv/Binaerbilder_Heine-Vorlage_W20B0170-Schwellwert_19/zu_5_Bin.ufv
/home/matt/esmeralda/lab/klaus/md_ufv/Binaerbilder_Heine-Vorlage_W20B0170-Schwellwert_19/zu_6_Bin.ufv
/home/matt/esmeralda/lab/klaus/md_ufv/Binaerbilder_Heine-Vorlage_W20B0170-Schwellwert_19/zu_7_Bin.ufv
/home/matt/esmeralda/lab/klaus/md_ufv/Binaerbilder_Heine-Vorlage_W20B0170-Schwellwert_19/zu_8_Bin.ufv
/home/matt/esmeralda/lab/klaus/md_ufv/Binaerbilder_Heine-Vorlage_W20B0170-Schwellwert_19/zu_9_Bin.ufv
/home/matt/esmeralda/lab/klaus/md_ufv/Binaerbilder_Heine-Vorlage_W20B0210-Schwellwert_10/zu_1_Bin.ufv
/home/matt/esmeralda/lab/klaus/md_ufv/Binaerbilder_Heinrich_Heine-Vorlage_W20B0326-Schwellwert_10/zu_1_Bin.ufv
/home/matt/esmeralda/lab/klaus/md_ufv/Binaerbilder_Heinrich_Heine-Vorlage_W20B0326-Schwellwert_10/zu_2_Bin.ufv
/home/matt/esmeralda/lab/klaus/md_ufv/Binaerbilder_Heinrich_Heine-Vorlage_W20B0326-Schwellwert_10/zu_3_Bin.ufv
/home/matt/esmeralda/lab/klaus/md_ufv/Binaerbilder_Heinrich_Heine-Vorlage_W20B0326-Schwellwert_10/zu_4_Bin.ufv
/home/matt/esmeralda/lab/klaus/md_ufv/Binaerbilder_Heinrich_Heine-Vorlage_W20B0326-Schwellwert_10/zu_5_Bin.ufv
/home/matt/esmeralda/lab/klaus/md_ufv/Binaerbilder_Heinrich_Heine-Vorlage_W20B0326-Schwellwert_10/zu_6_Bin.ufv
/home/matt/esmeralda/lab/klaus/md_ufv/Binaerbilder_Heinrich_Heine-Vorlage_W20B0326-Schwellwert_10/zu_7_Bin.ufv
/home/matt/esmeralda/lab/klaus/md_ufv/Binaerbilder_Heinrich_Heine-Vorlage_W20B0326-Schwellwert_10/zu_8_Bin.ufv
/home/matt/esmeralda/lab/klaus/md_ufv/Binaerbilder_Hermann_Franck-Vorlage_W24B0059-Schwellwert_10/zu_1_Bin.ufv
/home/matt/esmeralda/lab/klaus/md_ufv/Binaerbilder_Hermann_Franck-Vorlage_W24B0059-Schwellwert_10/zu_2_Bin.ufv
/home/matt/esmeralda/lab/klaus/md_ufv/Binaerbilder_Hermann_Franck-Vorlage_W24B0059-Schwellwert_10/zu_3_Bin.ufv
/home/matt/esmeralda/lab/klaus/md_ufv/Binaerbilder_Julius_Campe-Vorlage_W24B0013-Schwellwert_20/zu_1_Bin.ufv
/home/matt/esmeralda/lab/klaus/md_ufv/Binaerbilder_Julius_Campe-Vorlage_W24B0013-Schwellwert_20/zu_2_Bin.ufv
/home/matt/esmeralda/lab/klaus/md_ufv/Binaerbilder_Julius_Campe-Vorlage_W24B0013-Schwellwert_20/zu_3_Bin.ufv
/home/matt/esmeralda/lab/klaus/md_ufv/Binaerbilder_Julius_Campe-Vorlage_W24B0013-Schwellwert_20/zu_5_Bin.ufv
/home/matt/esmeralda/lab/klaus/md_ufv/Binaerbilder_Julius_Campe-Vorlage_W24B0013-Schwellwert_20/zu_6_Bin.ufv
/home/matt/esmeralda/lab/klaus/md_ufv/Binaerbilder_Julius_Campe-Vorlage_W24B0013-Schwellwert_20/zu_7_Bin.ufv
/home/matt/esmeralda/lab/klaus/md_ufv/Binaerbilder_Julius_Campe-Vorlage_W24B0013-Schwellwert_20/zu_8_Bin.ufv
/home/matt/esmeralda/lab/klaus/md_ufv/Binaerbilder_Karl_Immermann-Vorlage_W24B0006-Schwellwert_30/zu_1_Bin.ufv
/home/matt/esmeralda/lab/klaus/md_ufv/Binaerbilder_Karl_Immermann-Vorlage_W24B0006-Schwellwert_30/zu_2_Bin.ufv
/home/matt/esmeralda/lab/klaus/md_ufv/Binaerbilder_Karl_Immermann-Vorlage_W24B0006-Schwellwert_30/zu_3_Bin.ufv
/home/matt/esmeralda/lab/klaus/md_ufv/Binaerbilder_Karl_Immermann-Vorlage_W24B0006-Schwellwert_30/zu_4_Bin.ufv
/home/matt/esmeralda/lab/klaus/md_ufv/Binaerbilder_Michael_Beer-Vorlage_W24B0056-Schwellwert_15/zu_1_Bin.ufv
/home/matt/esmeralda/lab/klaus/md_ufv/Binaerbilder_Michael_Beer-Vorlage_W24B0056-Schwellwert_15/zu_2_Bin.ufv
/home/matt/esmeralda/lab/klaus/md_ufv/Binaerbilder_Michael_Beer-Vorlage_W24B0056-Schwellwert_15/zu_3_Bin.ufv
/home/matt/esmeralda/lab/klaus/md_ufv/Binaerbilder_Michael_Beer-Vorlage_W24B0056-Schwellwert_15/zu_4_Bin.ufv
/home/matt/esmeralda/lab/klaus/md_ufv/Binaerbilder_Michael_Beer-Vorlage_W24B0056-Schwellwert_15/zu_5_Bin.ufv
/home/matt/esmeralda/lab/klaus/md_ufv/Binaerbilder_Michael_Beer-Vorlage_W24B0056-Schwellwert_15/zu_6_Bin.ufv
/home/matt/esmeralda/lab/klaus/md_ufv/Binaerbilder_Michael_Beer-Vorlage_W24B0056-Schwellwert_15/zu_7_Bin.ufv
/home/matt/esmeralda/lab/klaus/md_ufv/Binaerbilder_Michael_Beer-Vorlage_W24B0056-Schwellwert_15/zu_8_Bin.ufv
/home/matt/esmeralda/lab/klaus/md_ufv/Binaerbilder_Moses_Moser-Vorlage_W24B0150-Schwellwert_15/zu_1_Bin.ufv
/home/matt/esmeralda/lab/klaus/md_ufv/Binaerbilder_Moses_Moser-Vorlage_W24B0150-Schwellwert_15/zu_2_Bin.ufv
/home/matt/esmeralda/lab/klaus/md_ufv/Binaerbilder_Moses_Moser-Vorlage_W24B0150-Schwellwert_15/zu_3_Bin.ufv
/home/matt/esmeralda/lab/klaus/md_ufv/Binaerbilder_Moses_Moser-Vorlage_W24B0150-Schwellwert_15/zu_4_Bin.ufv
/home/matt/esmeralda/lab/klaus/md_ufv/Binaerbilder_Moses_Moser-Vorlage_W24B0150-Schwellwert_15/zu_5_Bin.ufv
/home/matt/esmeralda/lab/klaus/md_ufv/Binaerbilder_Salomon_Heine-Vorlage_W24B0015-Schwellwert_12/zu_1_Bin.ufv
/home/matt/esmeralda/lab/klaus/md_ufv/Binaerbilder_Salomon_Heine-Vorlage_W24B0015-Schwellwert_12/zu_2_Bin.ufv
/home/matt/esmeralda/lab/klaus/md_ufv/Binaerbilder_Theodor_von_Kobbe-Vorlage_W24B0047-Schwellwert_20/zu_1_Bin.ufv
/home/matt/esmeralda/lab/klaus/md_ufv/Binaerbilder_Theodor_von_Kobbe-Vorlage_W24B0047-Schwellwert_20/zu_2_Bin.ufv
/home/matt/esmeralda/lab/klaus/md_ufv/Binaerbilder_Theodor_von_Kobbe-Vorlage_W24B0047-Schwellwert_20/zu_3_Bin.ufv
/home/matt/esmeralda/lab/klaus/md_ufv/Binaerbilder_Theodor_von_Kobbe-Vorlage_W24B0047-Schwellwert_20/zu_4_Bin.ufv
/home/matt/esmeralda/lab/klaus/md_ufv/Binaerbilder_Theodor_von_Kobbe-Vorlage_W24B0047-Schwellwert_20/zu_5_Bin.ufv
